<?xml version="1.0" encoding="UTF-8"?>
<!-- Generated by org.testng.reporters.JUnitReportReporter -->
<testsuite hostname="DESKTOP-NQ43KAR" failures="0" tests="1" name="testCases.TC_001_AccountRegistrationTest" time="15.165" errors="0" timestamp="2023-11-21T19:38:06 IST" skipped="0">
  <testcase classname="testCases.TC_001_AccountRegistrationTest" name="test_account_Registration" time="15.165"/>
</testsuite> <!-- testCases.TC_001_AccountRegistrationTest -->
