<?xml version="1.0" encoding="UTF-8"?>
<!-- Generated by org.testng.reporters.JUnitReportReporter -->
<testsuite hostname="DESKTOP-NQ43KAR" failures="0" tests="1" name="testCases.TC_002_LoginTest" time="10.255" errors="0" timestamp="2023-11-23T12:05:36 IST" skipped="0">
  <testcase classname="testCases.TC_002_LoginTest" name="test_Login" time="10.255"/>
</testsuite> <!-- testCases.TC_002_LoginTest -->
