<?xml version="1.0" encoding="UTF-8"?>
<!-- Generated by org.testng.reporters.JUnitReportReporter -->
<testsuite hostname="DESKTOP-NQ43KAR" failures="0" tests="1" name="testCases.TC_001_AccountRegistrationTest" time="14.947" errors="0" timestamp="2023-11-23T12:05:36 IST" skipped="0">
  <testcase classname="testCases.TC_001_AccountRegistrationTest" name="test_account_Registration" time="14.947"/>
</testsuite> <!-- testCases.TC_001_AccountRegistrationTest -->
